c:\users\antonio.garcia\workspace_pahomqtt\pahoc\windows build\paho-mqtt3c\debug\vc120.pdb
c:\users\antonio.garcia\workspace_pahomqtt\pahoc\windows build\paho-mqtt3c\debug\vc120.idb
c:\users\antonio.garcia\workspace_pahomqtt\pahoc\windows build\paho-mqtt3c\debug\clients.obj
c:\users\antonio.garcia\workspace_pahomqtt\pahoc\windows build\paho-mqtt3c\debug\heap.obj
c:\users\antonio.garcia\workspace_pahomqtt\pahoc\windows build\paho-mqtt3c\debug\linkedlist.obj
c:\users\antonio.garcia\workspace_pahomqtt\pahoc\windows build\paho-mqtt3c\debug\log.obj
c:\users\antonio.garcia\workspace_pahomqtt\pahoc\windows build\paho-mqtt3c\debug\messages.obj
c:\users\antonio.garcia\workspace_pahomqtt\pahoc\windows build\paho-mqtt3c\debug\mqttclient.obj
c:\users\antonio.garcia\workspace_pahomqtt\pahoc\windows build\paho-mqtt3c\debug\mqttpacket.obj
c:\users\antonio.garcia\workspace_pahomqtt\pahoc\windows build\paho-mqtt3c\debug\mqttpacketout.obj
c:\users\antonio.garcia\workspace_pahomqtt\pahoc\windows build\paho-mqtt3c\debug\mqttpersistence.obj
c:\users\antonio.garcia\workspace_pahomqtt\pahoc\windows build\paho-mqtt3c\debug\mqttpersistencedefault.obj
c:\users\antonio.garcia\workspace_pahomqtt\pahoc\windows build\paho-mqtt3c\debug\mqttprotocolclient.obj
c:\users\antonio.garcia\workspace_pahomqtt\pahoc\windows build\paho-mqtt3c\debug\mqttprotocolout.obj
c:\users\antonio.garcia\workspace_pahomqtt\pahoc\windows build\paho-mqtt3c\debug\mqttversion.obj
c:\users\antonio.garcia\workspace_pahomqtt\pahoc\windows build\paho-mqtt3c\debug\socket.obj
c:\users\antonio.garcia\workspace_pahomqtt\pahoc\windows build\paho-mqtt3c\debug\socketbuffer.obj
c:\users\antonio.garcia\workspace_pahomqtt\pahoc\windows build\paho-mqtt3c\debug\sslsocket.obj
c:\users\antonio.garcia\workspace_pahomqtt\pahoc\windows build\paho-mqtt3c\debug\stacktrace.obj
c:\users\antonio.garcia\workspace_pahomqtt\pahoc\windows build\paho-mqtt3c\debug\thread.obj
c:\users\antonio.garcia\workspace_pahomqtt\pahoc\windows build\paho-mqtt3c\debug\tree.obj
c:\users\antonio.garcia\workspace_pahomqtt\pahoc\windows build\paho-mqtt3c\debug\utf-8.obj
c:\users\antonio.garcia\workspace_pahomqtt\pahoc\windows build\debug\paho-mqtt3c.ilk
c:\users\antonio.garcia\workspace_pahomqtt\pahoc\windows build\debug\paho-mqtt3c.dll
c:\users\antonio.garcia\workspace_pahomqtt\pahoc\windows build\debug\paho-mqtt3c.pdb
c:\users\antonio.garcia\workspace_pahomqtt\pahoc\windows build\debug\paho-mqtt3c.lib
c:\users\antonio.garcia\workspace_pahomqtt\pahoc\windows build\debug\paho-mqtt3c.exp
c:\users\antonio.garcia\workspace_pahomqtt\pahoc\windows build\paho-mqtt3c\debug\paho-mqtt3c.tlog\cl.command.1.tlog
c:\users\antonio.garcia\workspace_pahomqtt\pahoc\windows build\paho-mqtt3c\debug\paho-mqtt3c.tlog\cl.read.1.tlog
c:\users\antonio.garcia\workspace_pahomqtt\pahoc\windows build\paho-mqtt3c\debug\paho-mqtt3c.tlog\cl.write.1.tlog
c:\users\antonio.garcia\workspace_pahomqtt\pahoc\windows build\paho-mqtt3c\debug\paho-mqtt3c.tlog\link.command.1.tlog
c:\users\antonio.garcia\workspace_pahomqtt\pahoc\windows build\paho-mqtt3c\debug\paho-mqtt3c.tlog\link.read.1.tlog
c:\users\antonio.garcia\workspace_pahomqtt\pahoc\windows build\paho-mqtt3c\debug\paho-mqtt3c.tlog\link.write.1.tlog
c:\users\antonio.garcia\workspace_pahomqtt\pahoc\windows build\paho-mqtt3c\debug\paho-mqtt3c.tlog\paho-mqtt3c.write.1u.tlog
