c:\users\antonio.garcia\workspace_pahomqtt\pahoc\windows build\paho-mqtt3a\debug\vc120.pdb
c:\users\antonio.garcia\workspace_pahomqtt\pahoc\windows build\paho-mqtt3a\debug\vc120.idb
c:\users\antonio.garcia\workspace_pahomqtt\pahoc\windows build\paho-mqtt3a\debug\clients.obj
c:\users\antonio.garcia\workspace_pahomqtt\pahoc\windows build\paho-mqtt3a\debug\heap.obj
c:\users\antonio.garcia\workspace_pahomqtt\pahoc\windows build\paho-mqtt3a\debug\linkedlist.obj
c:\users\antonio.garcia\workspace_pahomqtt\pahoc\windows build\paho-mqtt3a\debug\log.obj
c:\users\antonio.garcia\workspace_pahomqtt\pahoc\windows build\paho-mqtt3a\debug\messages.obj
c:\users\antonio.garcia\workspace_pahomqtt\pahoc\windows build\paho-mqtt3a\debug\mqttasync.obj
c:\users\antonio.garcia\workspace_pahomqtt\pahoc\windows build\paho-mqtt3a\debug\mqttpacket.obj
c:\users\antonio.garcia\workspace_pahomqtt\pahoc\windows build\paho-mqtt3a\debug\mqttpacketout.obj
c:\users\antonio.garcia\workspace_pahomqtt\pahoc\windows build\paho-mqtt3a\debug\mqttpersistence.obj
c:\users\antonio.garcia\workspace_pahomqtt\pahoc\windows build\paho-mqtt3a\debug\mqttpersistencedefault.obj
c:\users\antonio.garcia\workspace_pahomqtt\pahoc\windows build\paho-mqtt3a\debug\mqttprotocolclient.obj
c:\users\antonio.garcia\workspace_pahomqtt\pahoc\windows build\paho-mqtt3a\debug\mqttprotocolout.obj
c:\users\antonio.garcia\workspace_pahomqtt\pahoc\windows build\paho-mqtt3a\debug\mqttversion.obj
c:\users\antonio.garcia\workspace_pahomqtt\pahoc\windows build\paho-mqtt3a\debug\socket.obj
c:\users\antonio.garcia\workspace_pahomqtt\pahoc\windows build\paho-mqtt3a\debug\socketbuffer.obj
c:\users\antonio.garcia\workspace_pahomqtt\pahoc\windows build\paho-mqtt3a\debug\sslsocket.obj
c:\users\antonio.garcia\workspace_pahomqtt\pahoc\windows build\paho-mqtt3a\debug\stacktrace.obj
c:\users\antonio.garcia\workspace_pahomqtt\pahoc\windows build\paho-mqtt3a\debug\thread.obj
c:\users\antonio.garcia\workspace_pahomqtt\pahoc\windows build\paho-mqtt3a\debug\tree.obj
c:\users\antonio.garcia\workspace_pahomqtt\pahoc\windows build\paho-mqtt3a\debug\utf-8.obj
c:\users\antonio.garcia\workspace_pahomqtt\pahoc\windows build\debug\paho-mqtt3a.ilk
c:\users\antonio.garcia\workspace_pahomqtt\pahoc\windows build\debug\paho-mqtt3a.dll
c:\users\antonio.garcia\workspace_pahomqtt\pahoc\windows build\debug\paho-mqtt3a.pdb
c:\users\antonio.garcia\workspace_pahomqtt\pahoc\windows build\debug\paho-mqtt3a.lib
c:\users\antonio.garcia\workspace_pahomqtt\pahoc\windows build\debug\paho-mqtt3a.exp
c:\users\antonio.garcia\workspace_pahomqtt\pahoc\windows build\paho-mqtt3a\debug\paho-mqtt3a.tlog\cl.command.1.tlog
c:\users\antonio.garcia\workspace_pahomqtt\pahoc\windows build\paho-mqtt3a\debug\paho-mqtt3a.tlog\cl.read.1.tlog
c:\users\antonio.garcia\workspace_pahomqtt\pahoc\windows build\paho-mqtt3a\debug\paho-mqtt3a.tlog\cl.write.1.tlog
c:\users\antonio.garcia\workspace_pahomqtt\pahoc\windows build\paho-mqtt3a\debug\paho-mqtt3a.tlog\link.command.1.tlog
c:\users\antonio.garcia\workspace_pahomqtt\pahoc\windows build\paho-mqtt3a\debug\paho-mqtt3a.tlog\link.read.1.tlog
c:\users\antonio.garcia\workspace_pahomqtt\pahoc\windows build\paho-mqtt3a\debug\paho-mqtt3a.tlog\link.write.1.tlog
c:\users\antonio.garcia\workspace_pahomqtt\pahoc\windows build\paho-mqtt3a\debug\paho-mqtt3a.tlog\paho-mqtt3a.write.1u.tlog
