  utf-8.c
  Tree.c
  Thread.c
  StackTrace.c
c:\users\antonio.garcia\workspace_pahomqtt\pahoc\src\stacktrace.c(108): error C4996: 'strncpy': This function or variable may be unsafe. Consider using strncpy_s instead. To disable deprecation, use _CRT_SECURE_NO_WARNINGS. See online help for details.
  c:\program files (x86)\windows kits\10\include\10.0.10240.0\ucrt\string.h(346): note: see declaration of 'strncpy'
c:\users\antonio.garcia\workspace_pahomqtt\pahoc\src\stacktrace.c(190): error C4996: '_snprintf': This function or variable may be unsafe. Consider using _snprintf_s instead. To disable deprecation, use _CRT_SECURE_NO_WARNINGS. See online help for details.
  c:\program files (x86)\windows kits\10\include\10.0.10240.0\ucrt\stdio.h(1952): note: see declaration of '_snprintf'
c:\users\antonio.garcia\workspace_pahomqtt\pahoc\src\stacktrace.c(193): error C4996: '_snprintf': This function or variable may be unsafe. Consider using _snprintf_s instead. To disable deprecation, use _CRT_SECURE_NO_WARNINGS. See online help for details.
  c:\program files (x86)\windows kits\10\include\10.0.10240.0\ucrt\stdio.h(1952): note: see declaration of '_snprintf'
  SSLSocket.c
  SocketBuffer.c
  Socket.c
c:\users\antonio.garcia\workspace_pahomqtt\pahoc\src\socket.h(28): warning C4005: 'EAGAIN': macro redefinition
  c:\program files (x86)\windows kits\10\include\10.0.10240.0\ucrt\errno.h(44): note: see previous definition of 'EAGAIN'
c:\users\antonio.garcia\workspace_pahomqtt\pahoc\src\socket.h(29): warning C4005: 'EINTR': macro redefinition
  c:\program files (x86)\windows kits\10\include\10.0.10240.0\ucrt\errno.h(37): note: see previous definition of 'EINTR'
c:\users\antonio.garcia\workspace_pahomqtt\pahoc\src\socket.h(30): warning C4005: 'EINPROGRESS': macro redefinition
  c:\program files (x86)\windows kits\10\include\10.0.10240.0\ucrt\errno.h(96): note: see previous definition of 'EINPROGRESS'
c:\users\antonio.garcia\workspace_pahomqtt\pahoc\src\socket.h(31): warning C4005: 'EWOULDBLOCK': macro redefinition
  c:\program files (x86)\windows kits\10\include\10.0.10240.0\ucrt\errno.h(124): note: see previous definition of 'EWOULDBLOCK'
c:\users\antonio.garcia\workspace_pahomqtt\pahoc\src\socket.h(32): warning C4005: 'ENOTCONN': macro redefinition
  c:\program files (x86)\windows kits\10\include\10.0.10240.0\ucrt\errno.h(110): note: see previous definition of 'ENOTCONN'
c:\users\antonio.garcia\workspace_pahomqtt\pahoc\src\socket.h(33): warning C4005: 'ECONNRESET': macro redefinition
  c:\program files (x86)\windows kits\10\include\10.0.10240.0\ucrt\errno.h(92): note: see previous definition of 'ECONNRESET'
c:\users\antonio.garcia\workspace_pahomqtt\pahoc\src\socket.h(34): warning C4005: 'ETIMEDOUT': macro redefinition
  c:\program files (x86)\windows kits\10\include\10.0.10240.0\ucrt\errno.h(122): note: see previous definition of 'ETIMEDOUT'
c:\users\antonio.garcia\workspace_pahomqtt\pahoc\src\socket.c(101): error C4996: 'strerror': This function or variable may be unsafe. Consider using strerror_s instead. To disable deprecation, use _CRT_SECURE_NO_WARNINGS. See online help for details.
  c:\program files (x86)\windows kits\10\include\10.0.10240.0\ucrt\string.h(178): note: see declaration of 'strerror'
c:\users\antonio.garcia\workspace_pahomqtt\pahoc\src\socket.c(828): error C4996: 'wcstombs': This function or variable may be unsafe. Consider using wcstombs_s instead. To disable deprecation, use _CRT_SECURE_NO_WARNINGS. See online help for details.
  c:\program files (x86)\windows kits\10\include\10.0.10240.0\ucrt\stdlib.h(1008): note: see declaration of 'wcstombs'
  MQTTVersion.c
c:\users\antonio.garcia\workspace_pahomqtt\pahoc\src\mqttversion.c(72): error C4996: 'fopen': This function or variable may be unsafe. Consider using fopen_s instead. To disable deprecation, use _CRT_SECURE_NO_WARNINGS. See online help for details.
  c:\program files (x86)\windows kits\10\include\10.0.10240.0\ucrt\stdio.h(205): note: see declaration of 'fopen'
c:\users\antonio.garcia\workspace_pahomqtt\pahoc\src\mqttversion.c(130): error C4996: 'mbstowcs': This function or variable may be unsafe. Consider using mbstowcs_s instead. To disable deprecation, use _CRT_SECURE_NO_WARNINGS. See online help for details.
  c:\program files (x86)\windows kits\10\include\10.0.10240.0\ucrt\stdlib.h(920): note: see declaration of 'mbstowcs'
c:\users\antonio.garcia\workspace_pahomqtt\pahoc\src\mqttversion.c(193): error C4996: 'sprintf': This function or variable may be unsafe. Consider using sprintf_s instead. To disable deprecation, use _CRT_SECURE_NO_WARNINGS. See online help for details.
  c:\program files (x86)\windows kits\10\include\10.0.10240.0\ucrt\stdio.h(1769): note: see declaration of 'sprintf'
  MQTTProtocolOut.c
c:\users\antonio.garcia\workspace_pahomqtt\pahoc\src\socket.h(28): warning C4005: 'EAGAIN': macro redefinition
  c:\program files (x86)\windows kits\10\include\10.0.10240.0\ucrt\errno.h(44): note: see previous definition of 'EAGAIN'
c:\users\antonio.garcia\workspace_pahomqtt\pahoc\src\socket.h(29): warning C4005: 'EINTR': macro redefinition
  c:\program files (x86)\windows kits\10\include\10.0.10240.0\ucrt\errno.h(37): note: see previous definition of 'EINTR'
c:\users\antonio.garcia\workspace_pahomqtt\pahoc\src\socket.h(30): warning C4005: 'EINPROGRESS': macro redefinition
  c:\program files (x86)\windows kits\10\include\10.0.10240.0\ucrt\errno.h(96): note: see previous definition of 'EINPROGRESS'
c:\users\antonio.garcia\workspace_pahomqtt\pahoc\src\socket.h(31): warning C4005: 'EWOULDBLOCK': macro redefinition
  c:\program files (x86)\windows kits\10\include\10.0.10240.0\ucrt\errno.h(124): note: see previous definition of 'EWOULDBLOCK'
c:\users\antonio.garcia\workspace_pahomqtt\pahoc\src\socket.h(32): warning C4005: 'ENOTCONN': macro redefinition
  c:\program files (x86)\windows kits\10\include\10.0.10240.0\ucrt\errno.h(110): note: see previous definition of 'ENOTCONN'
c:\users\antonio.garcia\workspace_pahomqtt\pahoc\src\socket.h(33): warning C4005: 'ECONNRESET': macro redefinition
  c:\program files (x86)\windows kits\10\include\10.0.10240.0\ucrt\errno.h(92): note: see previous definition of 'ECONNRESET'
c:\users\antonio.garcia\workspace_pahomqtt\pahoc\src\socket.h(34): warning C4005: 'ETIMEDOUT': macro redefinition
  c:\program files (x86)\windows kits\10\include\10.0.10240.0\ucrt\errno.h(122): note: see previous definition of 'ETIMEDOUT'
  MQTTProtocolClient.c
c:\users\antonio.garcia\workspace_pahomqtt\pahoc\src\socket.h(28): warning C4005: 'EAGAIN': macro redefinition
  c:\program files (x86)\windows kits\10\include\10.0.10240.0\ucrt\errno.h(44): note: see previous definition of 'EAGAIN'
c:\users\antonio.garcia\workspace_pahomqtt\pahoc\src\socket.h(29): warning C4005: 'EINTR': macro redefinition
  c:\program files (x86)\windows kits\10\include\10.0.10240.0\ucrt\errno.h(37): note: see previous definition of 'EINTR'
c:\users\antonio.garcia\workspace_pahomqtt\pahoc\src\socket.h(30): warning C4005: 'EINPROGRESS': macro redefinition
  c:\program files (x86)\windows kits\10\include\10.0.10240.0\ucrt\errno.h(96): note: see previous definition of 'EINPROGRESS'
c:\users\antonio.garcia\workspace_pahomqtt\pahoc\src\socket.h(31): warning C4005: 'EWOULDBLOCK': macro redefinition
  c:\program files (x86)\windows kits\10\include\10.0.10240.0\ucrt\errno.h(124): note: see previous definition of 'EWOULDBLOCK'
c:\users\antonio.garcia\workspace_pahomqtt\pahoc\src\socket.h(32): warning C4005: 'ENOTCONN': macro redefinition
  c:\program files (x86)\windows kits\10\include\10.0.10240.0\ucrt\errno.h(110): note: see previous definition of 'ENOTCONN'
c:\users\antonio.garcia\workspace_pahomqtt\pahoc\src\socket.h(33): warning C4005: 'ECONNRESET': macro redefinition
  c:\program files (x86)\windows kits\10\include\10.0.10240.0\ucrt\errno.h(92): note: see previous definition of 'ECONNRESET'
c:\users\antonio.garcia\workspace_pahomqtt\pahoc\src\socket.h(34): warning C4005: 'ETIMEDOUT': macro redefinition
  c:\program files (x86)\windows kits\10\include\10.0.10240.0\ucrt\errno.h(122): note: see previous definition of 'ETIMEDOUT'
c:\users\antonio.garcia\workspace_pahomqtt\pahoc\src\mqttprotocolclient.c(219): error C4996: 'strcpy': This function or variable may be unsafe. Consider using strcpy_s instead. To disable deprecation, use _CRT_SECURE_NO_WARNINGS. See online help for details.
  c:\program files (x86)\windows kits\10\include\10.0.10240.0\ucrt\string.h(119): note: see declaration of 'strcpy'
  MQTTPersistenceDefault.c
c:\users\antonio.garcia\workspace_pahomqtt\pahoc\src\mqttpersistencedefault.c(75): error C4996: 'strcpy': This function or variable may be unsafe. Consider using strcpy_s instead. To disable deprecation, use _CRT_SECURE_NO_WARNINGS. See online help for details.
  c:\program files (x86)\windows kits\10\include\10.0.10240.0\ucrt\string.h(119): note: see declaration of 'strcpy'
c:\users\antonio.garcia\workspace_pahomqtt\pahoc\src\mqttpersistencedefault.c(81): error C4996: 'sprintf': This function or variable may be unsafe. Consider using sprintf_s instead. To disable deprecation, use _CRT_SECURE_NO_WARNINGS. See online help for details.
  c:\program files (x86)\windows kits\10\include\10.0.10240.0\ucrt\stdio.h(1769): note: see declaration of 'sprintf'
c:\users\antonio.garcia\workspace_pahomqtt\pahoc\src\mqttpersistencedefault.c(91): error C4996: 'strcpy': This function or variable may be unsafe. Consider using strcpy_s instead. To disable deprecation, use _CRT_SECURE_NO_WARNINGS. See online help for details.
  c:\program files (x86)\windows kits\10\include\10.0.10240.0\ucrt\string.h(119): note: see declaration of 'strcpy'
c:\users\antonio.garcia\workspace_pahomqtt\pahoc\src\mqttpersistencedefault.c(93): error C4996: 'strtok': This function or variable may be unsafe. Consider using strtok_s instead. To disable deprecation, use _CRT_SECURE_NO_WARNINGS. See online help for details.
  c:\program files (x86)\windows kits\10\include\10.0.10240.0\ucrt\string.h(453): note: see declaration of 'strtok'
c:\users\antonio.garcia\workspace_pahomqtt\pahoc\src\mqttpersistencedefault.c(95): error C4996: 'strcpy': This function or variable may be unsafe. Consider using strcpy_s instead. To disable deprecation, use _CRT_SECURE_NO_WARNINGS. See online help for details.
  c:\program files (x86)\windows kits\10\include\10.0.10240.0\ucrt\string.h(119): note: see declaration of 'strcpy'
c:\users\antonio.garcia\workspace_pahomqtt\pahoc\src\mqttpersistencedefault.c(97): error C4996: 'strtok': This function or variable may be unsafe. Consider using strtok_s instead. To disable deprecation, use _CRT_SECURE_NO_WARNINGS. See online help for details.
  c:\program files (x86)\windows kits\10\include\10.0.10240.0\ucrt\string.h(453): note: see declaration of 'strtok'
c:\users\antonio.garcia\workspace_pahomqtt\pahoc\src\mqttpersistencedefault.c(101): error C4996: 'sprintf': This function or variable may be unsafe. Consider using sprintf_s instead. To disable deprecation, use _CRT_SECURE_NO_WARNINGS. See online help for details.
  c:\program files (x86)\windows kits\10\include\10.0.10240.0\ucrt\stdio.h(1769): note: see declaration of 'sprintf'
c:\users\antonio.garcia\workspace_pahomqtt\pahoc\src\mqttpersistencedefault.c(103): error C4996: 'strtok': This function or variable may be unsafe. Consider using strtok_s instead. To disable deprecation, use _CRT_SECURE_NO_WARNINGS. See online help for details.
  c:\program files (x86)\windows kits\10\include\10.0.10240.0\ucrt\string.h(453): note: see declaration of 'strtok'
c:\users\antonio.garcia\workspace_pahomqtt\pahoc\src\mqttpersistencedefault.c(164): error C4996: 'sprintf': This function or variable may be unsafe. Consider using sprintf_s instead. To disable deprecation, use _CRT_SECURE_NO_WARNINGS. See online help for details.
  c:\program files (x86)\windows kits\10\include\10.0.10240.0\ucrt\stdio.h(1769): note: see declaration of 'sprintf'
c:\users\antonio.garcia\workspace_pahomqtt\pahoc\src\mqttpersistencedefault.c(166): error C4996: 'fopen': This function or variable may be unsafe. Consider using fopen_s instead. To disable deprecation, use _CRT_SECURE_NO_WARNINGS. See online help for details.
  c:\program files (x86)\windows kits\10\include\10.0.10240.0\ucrt\stdio.h(205): note: see declaration of 'fopen'
c:\users\antonio.garcia\workspace_pahomqtt\pahoc\src\mqttpersistencedefault.c(215): error C4996: 'sprintf': This function or variable may be unsafe. Consider using sprintf_s instead. To disable deprecation, use _CRT_SECURE_NO_WARNINGS. See online help for details.
  c:\program files (x86)\windows kits\10\include\10.0.10240.0\ucrt\stdio.h(1769): note: see declaration of 'sprintf'
c:\users\antonio.garcia\workspace_pahomqtt\pahoc\src\mqttpersistencedefault.c(217): error C4996: 'fopen': This function or variable may be unsafe. Consider using fopen_s instead. To disable deprecation, use _CRT_SECURE_NO_WARNINGS. See online help for details.
  c:\program files (x86)\windows kits\10\include\10.0.10240.0\ucrt\stdio.h(205): note: see declaration of 'fopen'
c:\users\antonio.garcia\workspace_pahomqtt\pahoc\src\mqttpersistencedefault.c(262): error C4996: 'sprintf': This function or variable may be unsafe. Consider using sprintf_s instead. To disable deprecation, use _CRT_SECURE_NO_WARNINGS. See online help for details.
  c:\program files (x86)\windows kits\10\include\10.0.10240.0\ucrt\stdio.h(1769): note: see declaration of 'sprintf'
c:\users\antonio.garcia\workspace_pahomqtt\pahoc\src\mqttpersistencedefault.c(355): error C4996: 'sprintf': This function or variable may be unsafe. Consider using sprintf_s instead. To disable deprecation, use _CRT_SECURE_NO_WARNINGS. See online help for details.
  c:\program files (x86)\windows kits\10\include\10.0.10240.0\ucrt\stdio.h(1769): note: see declaration of 'sprintf'
c:\users\antonio.garcia\workspace_pahomqtt\pahoc\src\mqttpersistencedefault.c(365): error C4996: 'strcpy': This function or variable may be unsafe. Consider using strcpy_s instead. To disable deprecation, use _CRT_SECURE_NO_WARNINGS. See online help for details.
  c:\program files (x86)\windows kits\10\include\10.0.10240.0\ucrt\string.h(119): note: see declaration of 'strcpy'
c:\users\antonio.garcia\workspace_pahomqtt\pahoc\src\mqttpersistencedefault.c(465): error C4996: 'sprintf': This function or variable may be unsafe. Consider using sprintf_s instead. To disable deprecation, use _CRT_SECURE_NO_WARNINGS. See online help for details.
  c:\program files (x86)\windows kits\10\include\10.0.10240.0\ucrt\stdio.h(1769): note: see declaration of 'sprintf'
c:\users\antonio.garcia\workspace_pahomqtt\pahoc\src\mqttpersistencedefault.c(475): error C4996: 'sprintf': This function or variable may be unsafe. Consider using sprintf_s instead. To disable deprecation, use _CRT_SECURE_NO_WARNINGS. See online help for details.
  c:\program files (x86)\windows kits\10\include\10.0.10240.0\ucrt\stdio.h(1769): note: see declaration of 'sprintf'
c:\users\antonio.garcia\workspace_pahomqtt\pahoc\src\mqttpersistencedefault.c(568): error C4996: 'sprintf': This function or variable may be unsafe. Consider using sprintf_s instead. To disable deprecation, use _CRT_SECURE_NO_WARNINGS. See online help for details.
  c:\program files (x86)\windows kits\10\include\10.0.10240.0\ucrt\stdio.h(1769): note: see declaration of 'sprintf'
c:\users\antonio.garcia\workspace_pahomqtt\pahoc\src\mqttpersistencedefault.c(605): error C4996: 'strcpy': This function or variable may be unsafe. Consider using strcpy_s instead. To disable deprecation, use _CRT_SECURE_NO_WARNINGS. See online help for details.
  c:\program files (x86)\windows kits\10\include\10.0.10240.0\ucrt\string.h(119): note: see declaration of 'strcpy'
  MQTTPersistence.c
c:\users\antonio.garcia\workspace_pahomqtt\pahoc\src\socket.h(28): warning C4005: 'EAGAIN': macro redefinition
  c:\program files (x86)\windows kits\10\include\10.0.10240.0\ucrt\errno.h(44): note: see previous definition of 'EAGAIN'
c:\users\antonio.garcia\workspace_pahomqtt\pahoc\src\socket.h(29): warning C4005: 'EINTR': macro redefinition
  c:\program files (x86)\windows kits\10\include\10.0.10240.0\ucrt\errno.h(37): note: see previous definition of 'EINTR'
c:\users\antonio.garcia\workspace_pahomqtt\pahoc\src\socket.h(30): warning C4005: 'EINPROGRESS': macro redefinition
  c:\program files (x86)\windows kits\10\include\10.0.10240.0\ucrt\errno.h(96): note: see previous definition of 'EINPROGRESS'
c:\users\antonio.garcia\workspace_pahomqtt\pahoc\src\socket.h(31): warning C4005: 'EWOULDBLOCK': macro redefinition
  c:\program files (x86)\windows kits\10\include\10.0.10240.0\ucrt\errno.h(124): note: see previous definition of 'EWOULDBLOCK'
c:\users\antonio.garcia\workspace_pahomqtt\pahoc\src\socket.h(32): warning C4005: 'ENOTCONN': macro redefinition
  c:\program files (x86)\windows kits\10\include\10.0.10240.0\ucrt\errno.h(110): note: see previous definition of 'ENOTCONN'
c:\users\antonio.garcia\workspace_pahomqtt\pahoc\src\socket.h(33): warning C4005: 'ECONNRESET': macro redefinition
  c:\program files (x86)\windows kits\10\include\10.0.10240.0\ucrt\errno.h(92): note: see previous definition of 'ECONNRESET'
c:\users\antonio.garcia\workspace_pahomqtt\pahoc\src\socket.h(34): warning C4005: 'ETIMEDOUT': macro redefinition
  c:\program files (x86)\windows kits\10\include\10.0.10240.0\ucrt\errno.h(122): note: see previous definition of 'ETIMEDOUT'
c:\users\antonio.garcia\workspace_pahomqtt\pahoc\src\mqttpersistence.c(62): error C4996: 'strcpy': This function or variable may be unsafe. Consider using strcpy_s instead. To disable deprecation, use _CRT_SECURE_NO_WARNINGS. See online help for details.
  c:\program files (x86)\windows kits\10\include\10.0.10240.0\ucrt\string.h(119): note: see declaration of 'strcpy'
c:\users\antonio.garcia\workspace_pahomqtt\pahoc\src\mqttpersistence.c(212): error C4996: 'sprintf': This function or variable may be unsafe. Consider using sprintf_s instead. To disable deprecation, use _CRT_SECURE_NO_WARNINGS. See online help for details.
  c:\program files (x86)\windows kits\10\include\10.0.10240.0\ucrt\stdio.h(1769): note: see declaration of 'sprintf'
c:\users\antonio.garcia\workspace_pahomqtt\pahoc\src\mqttpersistence.c(231): error C4996: 'sprintf': This function or variable may be unsafe. Consider using sprintf_s instead. To disable deprecation, use _CRT_SECURE_NO_WARNINGS. See online help for details.
  c:\program files (x86)\windows kits\10\include\10.0.10240.0\ucrt\stdio.h(1769): note: see declaration of 'sprintf'
c:\users\antonio.garcia\workspace_pahomqtt\pahoc\src\mqttpersistence.c(367): error C4996: 'sprintf': This function or variable may be unsafe. Consider using sprintf_s instead. To disable deprecation, use _CRT_SECURE_NO_WARNINGS. See online help for details.
  c:\program files (x86)\windows kits\10\include\10.0.10240.0\ucrt\stdio.h(1769): note: see declaration of 'sprintf'
c:\users\antonio.garcia\workspace_pahomqtt\pahoc\src\mqttpersistence.c(369): error C4996: 'sprintf': This function or variable may be unsafe. Consider using sprintf_s instead. To disable deprecation, use _CRT_SECURE_NO_WARNINGS. See online help for details.
  c:\program files (x86)\windows kits\10\include\10.0.10240.0\ucrt\stdio.h(1769): note: see declaration of 'sprintf'
c:\users\antonio.garcia\workspace_pahomqtt\pahoc\src\mqttpersistence.c(372): error C4996: 'sprintf': This function or variable may be unsafe. Consider using sprintf_s instead. To disable deprecation, use _CRT_SECURE_NO_WARNINGS. See online help for details.
  c:\program files (x86)\windows kits\10\include\10.0.10240.0\ucrt\stdio.h(1769): note: see declaration of 'sprintf'
c:\users\antonio.garcia\workspace_pahomqtt\pahoc\src\mqttpersistence.c(405): error C4996: 'sprintf': This function or variable may be unsafe. Consider using sprintf_s instead. To disable deprecation, use _CRT_SECURE_NO_WARNINGS. See online help for details.
  c:\program files (x86)\windows kits\10\include\10.0.10240.0\ucrt\stdio.h(1769): note: see declaration of 'sprintf'
c:\users\antonio.garcia\workspace_pahomqtt\pahoc\src\mqttpersistence.c(407): error C4996: 'sprintf': This function or variable may be unsafe. Consider using sprintf_s instead. To disable deprecation, use _CRT_SECURE_NO_WARNINGS. See online help for details.
  c:\program files (x86)\windows kits\10\include\10.0.10240.0\ucrt\stdio.h(1769): note: see declaration of 'sprintf'
c:\users\antonio.garcia\workspace_pahomqtt\pahoc\src\mqttpersistence.c(412): error C4996: 'sprintf': This function or variable may be unsafe. Consider using sprintf_s instead. To disable deprecation, use _CRT_SECURE_NO_WARNINGS. See online help for details.
  c:\program files (x86)\windows kits\10\include\10.0.10240.0\ucrt\stdio.h(1769): note: see declaration of 'sprintf'
c:\users\antonio.garcia\workspace_pahomqtt\pahoc\src\mqttpersistence.c(475): error C4996: 'sprintf': This function or variable may be unsafe. Consider using sprintf_s instead. To disable deprecation, use _CRT_SECURE_NO_WARNINGS. See online help for details.
  c:\program files (x86)\windows kits\10\include\10.0.10240.0\ucrt\stdio.h(1769): note: see declaration of 'sprintf'
c:\users\antonio.garcia\workspace_pahomqtt\pahoc\src\mqttpersistence.c(520): error C4996: 'sprintf': This function or variable may be unsafe. Consider using sprintf_s instead. To disable deprecation, use _CRT_SECURE_NO_WARNINGS. See online help for details.
  c:\program files (x86)\windows kits\10\include\10.0.10240.0\ucrt\stdio.h(1769): note: see declaration of 'sprintf'
c:\users\antonio.garcia\workspace_pahomqtt\pahoc\src\mqttpersistence.c(569): error C4996: 'strcpy': This function or variable may be unsafe. Consider using strcpy_s instead. To disable deprecation, use _CRT_SECURE_NO_WARNINGS. See online help for details.
  c:\program files (x86)\windows kits\10\include\10.0.10240.0\ucrt\string.h(119): note: see declaration of 'strcpy'
  MQTTPacketOut.c
c:\users\antonio.garcia\workspace_pahomqtt\pahoc\src\socket.h(28): warning C4005: 'EAGAIN': macro redefinition
  c:\program files (x86)\windows kits\10\include\10.0.10240.0\ucrt\errno.h(44): note: see previous definition of 'EAGAIN'
c:\users\antonio.garcia\workspace_pahomqtt\pahoc\src\socket.h(29): warning C4005: 'EINTR': macro redefinition
  c:\program files (x86)\windows kits\10\include\10.0.10240.0\ucrt\errno.h(37): note: see previous definition of 'EINTR'
c:\users\antonio.garcia\workspace_pahomqtt\pahoc\src\socket.h(30): warning C4005: 'EINPROGRESS': macro redefinition
  c:\program files (x86)\windows kits\10\include\10.0.10240.0\ucrt\errno.h(96): note: see previous definition of 'EINPROGRESS'
c:\users\antonio.garcia\workspace_pahomqtt\pahoc\src\socket.h(31): warning C4005: 'EWOULDBLOCK': macro redefinition
  c:\program files (x86)\windows kits\10\include\10.0.10240.0\ucrt\errno.h(124): note: see previous definition of 'EWOULDBLOCK'
c:\users\antonio.garcia\workspace_pahomqtt\pahoc\src\socket.h(32): warning C4005: 'ENOTCONN': macro redefinition
  c:\program files (x86)\windows kits\10\include\10.0.10240.0\ucrt\errno.h(110): note: see previous definition of 'ENOTCONN'
c:\users\antonio.garcia\workspace_pahomqtt\pahoc\src\socket.h(33): warning C4005: 'ECONNRESET': macro redefinition
  c:\program files (x86)\windows kits\10\include\10.0.10240.0\ucrt\errno.h(92): note: see previous definition of 'ECONNRESET'
c:\users\antonio.garcia\workspace_pahomqtt\pahoc\src\socket.h(34): warning C4005: 'ETIMEDOUT': macro redefinition
  c:\program files (x86)\windows kits\10\include\10.0.10240.0\ucrt\errno.h(122): note: see previous definition of 'ETIMEDOUT'
  MQTTPacket.c
c:\users\antonio.garcia\workspace_pahomqtt\pahoc\src\socket.h(28): warning C4005: 'EAGAIN': macro redefinition
  c:\program files (x86)\windows kits\10\include\10.0.10240.0\ucrt\errno.h(44): note: see previous definition of 'EAGAIN'
c:\users\antonio.garcia\workspace_pahomqtt\pahoc\src\socket.h(29): warning C4005: 'EINTR': macro redefinition
  c:\program files (x86)\windows kits\10\include\10.0.10240.0\ucrt\errno.h(37): note: see previous definition of 'EINTR'
c:\users\antonio.garcia\workspace_pahomqtt\pahoc\src\socket.h(30): warning C4005: 'EINPROGRESS': macro redefinition
  c:\program files (x86)\windows kits\10\include\10.0.10240.0\ucrt\errno.h(96): note: see previous definition of 'EINPROGRESS'
c:\users\antonio.garcia\workspace_pahomqtt\pahoc\src\socket.h(31): warning C4005: 'EWOULDBLOCK': macro redefinition
  c:\program files (x86)\windows kits\10\include\10.0.10240.0\ucrt\errno.h(124): note: see previous definition of 'EWOULDBLOCK'
c:\users\antonio.garcia\workspace_pahomqtt\pahoc\src\socket.h(32): warning C4005: 'ENOTCONN': macro redefinition
  c:\program files (x86)\windows kits\10\include\10.0.10240.0\ucrt\errno.h(110): note: see previous definition of 'ENOTCONN'
c:\users\antonio.garcia\workspace_pahomqtt\pahoc\src\socket.h(33): warning C4005: 'ECONNRESET': macro redefinition
  c:\program files (x86)\windows kits\10\include\10.0.10240.0\ucrt\errno.h(92): note: see previous definition of 'ECONNRESET'
c:\users\antonio.garcia\workspace_pahomqtt\pahoc\src\socket.h(34): warning C4005: 'ETIMEDOUT': macro redefinition
  c:\program files (x86)\windows kits\10\include\10.0.10240.0\ucrt\errno.h(122): note: see previous definition of 'ETIMEDOUT'
  MQTTClient.c
c:\users\antonio.garcia\workspace_pahomqtt\pahoc\src\socket.h(28): warning C4005: 'EAGAIN': macro redefinition
  c:\program files (x86)\windows kits\10\include\10.0.10240.0\ucrt\errno.h(44): note: see previous definition of 'EAGAIN'
c:\users\antonio.garcia\workspace_pahomqtt\pahoc\src\socket.h(29): warning C4005: 'EINTR': macro redefinition
  c:\program files (x86)\windows kits\10\include\10.0.10240.0\ucrt\errno.h(37): note: see previous definition of 'EINTR'
c:\users\antonio.garcia\workspace_pahomqtt\pahoc\src\socket.h(30): warning C4005: 'EINPROGRESS': macro redefinition
  c:\program files (x86)\windows kits\10\include\10.0.10240.0\ucrt\errno.h(96): note: see previous definition of 'EINPROGRESS'
c:\users\antonio.garcia\workspace_pahomqtt\pahoc\src\socket.h(31): warning C4005: 'EWOULDBLOCK': macro redefinition
  c:\program files (x86)\windows kits\10\include\10.0.10240.0\ucrt\errno.h(124): note: see previous definition of 'EWOULDBLOCK'
c:\users\antonio.garcia\workspace_pahomqtt\pahoc\src\socket.h(32): warning C4005: 'ENOTCONN': macro redefinition
  c:\program files (x86)\windows kits\10\include\10.0.10240.0\ucrt\errno.h(110): note: see previous definition of 'ENOTCONN'
c:\users\antonio.garcia\workspace_pahomqtt\pahoc\src\socket.h(33): warning C4005: 'ECONNRESET': macro redefinition
  c:\program files (x86)\windows kits\10\include\10.0.10240.0\ucrt\errno.h(92): note: see previous definition of 'ECONNRESET'
c:\users\antonio.garcia\workspace_pahomqtt\pahoc\src\socket.h(34): warning C4005: 'ETIMEDOUT': macro redefinition
  c:\program files (x86)\windows kits\10\include\10.0.10240.0\ucrt\errno.h(122): note: see previous definition of 'ETIMEDOUT'
  MQTTAsync.c
c:\users\antonio.garcia\workspace_pahomqtt\pahoc\src\socket.h(28): warning C4005: 'EAGAIN': macro redefinition
  c:\program files (x86)\windows kits\10\include\10.0.10240.0\ucrt\errno.h(44): note: see previous definition of 'EAGAIN'
c:\users\antonio.garcia\workspace_pahomqtt\pahoc\src\socket.h(29): warning C4005: 'EINTR': macro redefinition
  c:\program files (x86)\windows kits\10\include\10.0.10240.0\ucrt\errno.h(37): note: see previous definition of 'EINTR'
c:\users\antonio.garcia\workspace_pahomqtt\pahoc\src\socket.h(30): warning C4005: 'EINPROGRESS': macro redefinition
  c:\program files (x86)\windows kits\10\include\10.0.10240.0\ucrt\errno.h(96): note: see previous definition of 'EINPROGRESS'
c:\users\antonio.garcia\workspace_pahomqtt\pahoc\src\socket.h(31): warning C4005: 'EWOULDBLOCK': macro redefinition
  c:\program files (x86)\windows kits\10\include\10.0.10240.0\ucrt\errno.h(124): note: see previous definition of 'EWOULDBLOCK'
c:\users\antonio.garcia\workspace_pahomqtt\pahoc\src\socket.h(32): warning C4005: 'ENOTCONN': macro redefinition
  c:\program files (x86)\windows kits\10\include\10.0.10240.0\ucrt\errno.h(110): note: see previous definition of 'ENOTCONN'
c:\users\antonio.garcia\workspace_pahomqtt\pahoc\src\socket.h(33): warning C4005: 'ECONNRESET': macro redefinition
  c:\program files (x86)\windows kits\10\include\10.0.10240.0\ucrt\errno.h(92): note: see previous definition of 'ECONNRESET'
c:\users\antonio.garcia\workspace_pahomqtt\pahoc\src\socket.h(34): warning C4005: 'ETIMEDOUT': macro redefinition
  c:\program files (x86)\windows kits\10\include\10.0.10240.0\ucrt\errno.h(122): note: see previous definition of 'ETIMEDOUT'
c:\users\antonio.garcia\workspace_pahomqtt\pahoc\src\mqttasync.c(348): error C4996: 'strerror': This function or variable may be unsafe. Consider using strerror_s instead. To disable deprecation, use _CRT_SECURE_NO_WARNINGS. See online help for details.
  c:\program files (x86)\windows kits\10\include\10.0.10240.0\ucrt\string.h(178): note: see declaration of 'strerror'
c:\users\antonio.garcia\workspace_pahomqtt\pahoc\src\mqttasync.c(356): error C4996: 'strerror': This function or variable may be unsafe. Consider using strerror_s instead. To disable deprecation, use _CRT_SECURE_NO_WARNINGS. See online help for details.
  c:\program files (x86)\windows kits\10\include\10.0.10240.0\ucrt\string.h(178): note: see declaration of 'strerror'
c:\users\antonio.garcia\workspace_pahomqtt\pahoc\src\mqttasync.c(488): error C4996: 'sprintf': This function or variable may be unsafe. Consider using sprintf_s instead. To disable deprecation, use _CRT_SECURE_NO_WARNINGS. See online help for details.
  c:\program files (x86)\windows kits\10\include\10.0.10240.0\ucrt\stdio.h(1769): note: see declaration of 'sprintf'
c:\users\antonio.garcia\workspace_pahomqtt\pahoc\src\mqttasync.c(531): error C4996: 'sprintf': This function or variable may be unsafe. Consider using sprintf_s instead. To disable deprecation, use _CRT_SECURE_NO_WARNINGS. See online help for details.
  c:\program files (x86)\windows kits\10\include\10.0.10240.0\ucrt\stdio.h(1769): note: see declaration of 'sprintf'
c:\users\antonio.garcia\workspace_pahomqtt\pahoc\src\mqttasync.c(554): error C4996: 'sprintf': This function or variable may be unsafe. Consider using sprintf_s instead. To disable deprecation, use _CRT_SECURE_NO_WARNINGS. See online help for details.
  c:\program files (x86)\windows kits\10\include\10.0.10240.0\ucrt\stdio.h(1769): note: see declaration of 'sprintf'
c:\users\antonio.garcia\workspace_pahomqtt\pahoc\src\mqttasync.c(584): error C4996: 'sprintf': This function or variable may be unsafe. Consider using sprintf_s instead. To disable deprecation, use _CRT_SECURE_NO_WARNINGS. See online help for details.
  c:\program files (x86)\windows kits\10\include\10.0.10240.0\ucrt\stdio.h(1769): note: see declaration of 'sprintf'
c:\users\antonio.garcia\workspace_pahomqtt\pahoc\src\mqttasync.c(632): error C4996: 'strcpy': This function or variable may be unsafe. Consider using strcpy_s instead. To disable deprecation, use _CRT_SECURE_NO_WARNINGS. See online help for details.
  c:\program files (x86)\windows kits\10\include\10.0.10240.0\ucrt\string.h(119): note: see declaration of 'strcpy'
c:\users\antonio.garcia\workspace_pahomqtt\pahoc\src\mqttasync.c(649): error C4996: 'strcpy': This function or variable may be unsafe. Consider using strcpy_s instead. To disable deprecation, use _CRT_SECURE_NO_WARNINGS. See online help for details.
  c:\program files (x86)\windows kits\10\include\10.0.10240.0\ucrt\string.h(119): note: see declaration of 'strcpy'
c:\users\antonio.garcia\workspace_pahomqtt\pahoc\src\mqttasync.c(657): error C4996: 'strcpy': This function or variable may be unsafe. Consider using strcpy_s instead. To disable deprecation, use _CRT_SECURE_NO_WARNINGS. See online help for details.
  c:\program files (x86)\windows kits\10\include\10.0.10240.0\ucrt\string.h(119): note: see declaration of 'strcpy'
  Messages.c
  Log.c
c:\users\antonio.garcia\workspace_pahomqtt\pahoc\src\socket.h(28): warning C4005: 'EAGAIN': macro redefinition
  c:\program files (x86)\windows kits\10\include\10.0.10240.0\ucrt\errno.h(44): note: see previous definition of 'EAGAIN'
c:\users\antonio.garcia\workspace_pahomqtt\pahoc\src\socket.h(29): warning C4005: 'EINTR': macro redefinition
  c:\program files (x86)\windows kits\10\include\10.0.10240.0\ucrt\errno.h(37): note: see previous definition of 'EINTR'
c:\users\antonio.garcia\workspace_pahomqtt\pahoc\src\socket.h(30): warning C4005: 'EINPROGRESS': macro redefinition
  c:\program files (x86)\windows kits\10\include\10.0.10240.0\ucrt\errno.h(96): note: see previous definition of 'EINPROGRESS'
c:\users\antonio.garcia\workspace_pahomqtt\pahoc\src\socket.h(31): warning C4005: 'EWOULDBLOCK': macro redefinition
  c:\program files (x86)\windows kits\10\include\10.0.10240.0\ucrt\errno.h(124): note: see previous definition of 'EWOULDBLOCK'
c:\users\antonio.garcia\workspace_pahomqtt\pahoc\src\socket.h(32): warning C4005: 'ENOTCONN': macro redefinition
  c:\program files (x86)\windows kits\10\include\10.0.10240.0\ucrt\errno.h(110): note: see previous definition of 'ENOTCONN'
c:\users\antonio.garcia\workspace_pahomqtt\pahoc\src\socket.h(33): warning C4005: 'ECONNRESET': macro redefinition
  c:\program files (x86)\windows kits\10\include\10.0.10240.0\ucrt\errno.h(92): note: see previous definition of 'ECONNRESET'
c:\users\antonio.garcia\workspace_pahomqtt\pahoc\src\socket.h(34): warning C4005: 'ETIMEDOUT': macro redefinition
  c:\program files (x86)\windows kits\10\include\10.0.10240.0\ucrt\errno.h(122): note: see previous definition of 'ETIMEDOUT'
c:\users\antonio.garcia\workspace_pahomqtt\pahoc\src\log.c(133): error C4996: 'getenv': This function or variable may be unsafe. Consider using _dupenv_s instead. To disable deprecation, use _CRT_SECURE_NO_WARNINGS. See online help for details.
  c:\program files (x86)\windows kits\10\include\10.0.10240.0\ucrt\stdlib.h(1183): note: see declaration of 'getenv'
c:\users\antonio.garcia\workspace_pahomqtt\pahoc\src\log.c(135): error C4996: 'fopen': This function or variable may be unsafe. Consider using fopen_s instead. To disable deprecation, use _CRT_SECURE_NO_WARNINGS. See online help for details.
  c:\program files (x86)\windows kits\10\include\10.0.10240.0\ucrt\stdio.h(205): note: see declaration of 'fopen'
c:\users\antonio.garcia\workspace_pahomqtt\pahoc\src\log.c(140): error C4996: 'strcpy': This function or variable may be unsafe. Consider using strcpy_s instead. To disable deprecation, use _CRT_SECURE_NO_WARNINGS. See online help for details.
  c:\program files (x86)\windows kits\10\include\10.0.10240.0\ucrt\string.h(119): note: see declaration of 'strcpy'
c:\users\antonio.garcia\workspace_pahomqtt\pahoc\src\log.c(142): error C4996: 'sprintf': This function or variable may be unsafe. Consider using sprintf_s instead. To disable deprecation, use _CRT_SECURE_NO_WARNINGS. See online help for details.
  c:\program files (x86)\windows kits\10\include\10.0.10240.0\ucrt\stdio.h(1769): note: see declaration of 'sprintf'
c:\users\antonio.garcia\workspace_pahomqtt\pahoc\src\log.c(145): error C4996: 'getenv': This function or variable may be unsafe. Consider using _dupenv_s instead. To disable deprecation, use _CRT_SECURE_NO_WARNINGS. See online help for details.
  c:\program files (x86)\windows kits\10\include\10.0.10240.0\ucrt\stdlib.h(1183): note: see declaration of 'getenv'
c:\users\antonio.garcia\workspace_pahomqtt\pahoc\src\log.c(151): error C4996: 'getenv': This function or variable may be unsafe. Consider using _dupenv_s instead. To disable deprecation, use _CRT_SECURE_NO_WARNINGS. See online help for details.
  c:\program files (x86)\windows kits\10\include\10.0.10240.0\ucrt\stdlib.h(1183): note: see declaration of 'getenv'
c:\users\antonio.garcia\workspace_pahomqtt\pahoc\src\log.c(170): error C4996: '_snprintf': This function or variable may be unsafe. Consider using _snprintf_s instead. To disable deprecation, use _CRT_SECURE_NO_WARNINGS. See online help for details.
  c:\program files (x86)\windows kits\10\include\10.0.10240.0\ucrt\stdio.h(1952): note: see declaration of '_snprintf'
c:\users\antonio.garcia\workspace_pahomqtt\pahoc\src\log.c(295): error C4996: 'localtime': This function or variable may be unsafe. Consider using localtime_s instead. To disable deprecation, use _CRT_SECURE_NO_WARNINGS. See online help for details.
  c:\program files (x86)\windows kits\10\include\10.0.10240.0\ucrt\time.h(505): note: see declaration of 'localtime'
c:\users\antonio.garcia\workspace_pahomqtt\pahoc\src\log.c(301): error C4996: 'sprintf': This function or variable may be unsafe. Consider using sprintf_s instead. To disable deprecation, use _CRT_SECURE_NO_WARNINGS. See online help for details.
  c:\program files (x86)\windows kits\10\include\10.0.10240.0\ucrt\stdio.h(1769): note: see declaration of 'sprintf'
c:\users\antonio.garcia\workspace_pahomqtt\pahoc\src\log.c(305): error C4996: 'sprintf': This function or variable may be unsafe. Consider using sprintf_s instead. To disable deprecation, use _CRT_SECURE_NO_WARNINGS. See online help for details.
  c:\program files (x86)\windows kits\10\include\10.0.10240.0\ucrt\stdio.h(1769): note: see declaration of 'sprintf'
c:\users\antonio.garcia\workspace_pahomqtt\pahoc\src\log.c(309): error C4996: 'strncpy': This function or variable may be unsafe. Consider using strncpy_s instead. To disable deprecation, use _CRT_SECURE_NO_WARNINGS. See online help for details.
  c:\program files (x86)\windows kits\10\include\10.0.10240.0\ucrt\string.h(346): note: see declaration of 'strncpy'
c:\users\antonio.garcia\workspace_pahomqtt\pahoc\src\log.c(314): error C4996: '_snprintf': This function or variable may be unsafe. Consider using _snprintf_s instead. To disable deprecation, use _CRT_SECURE_NO_WARNINGS. See online help for details.
  c:\program files (x86)\windows kits\10\include\10.0.10240.0\ucrt\stdio.h(1952): note: see declaration of '_snprintf'
c:\users\antonio.garcia\workspace_pahomqtt\pahoc\src\log.c(317): error C4996: '_snprintf': This function or variable may be unsafe. Consider using _snprintf_s instead. To disable deprecation, use _CRT_SECURE_NO_WARNINGS. See online help for details.
  c:\program files (x86)\windows kits\10\include\10.0.10240.0\ucrt\stdio.h(1952): note: see declaration of '_snprintf'
c:\users\antonio.garcia\workspace_pahomqtt\pahoc\src\log.c(336): error C4996: 'fopen': This function or variable may be unsafe. Consider using fopen_s instead. To disable deprecation, use _CRT_SECURE_NO_WARNINGS. See online help for details.
  c:\program files (x86)\windows kits\10\include\10.0.10240.0\ucrt\stdio.h(205): note: see declaration of 'fopen'
c:\users\antonio.garcia\workspace_pahomqtt\pahoc\src\log.c(377): error C4996: 'strncpy': This function or variable may be unsafe. Consider using strncpy_s instead. To disable deprecation, use _CRT_SECURE_NO_WARNINGS. See online help for details.
  c:\program files (x86)\windows kits\10\include\10.0.10240.0\ucrt\string.h(346): note: see declaration of 'strncpy'
c:\users\antonio.garcia\workspace_pahomqtt\pahoc\src\log.c(450): error C4996: 'strcpy': This function or variable may be unsafe. Consider using strcpy_s instead. To disable deprecation, use _CRT_SECURE_NO_WARNINGS. See online help for details.
  c:\program files (x86)\windows kits\10\include\10.0.10240.0\ucrt\string.h(119): note: see declaration of 'strcpy'
c:\users\antonio.garcia\workspace_pahomqtt\pahoc\src\log.c(477): error C4996: 'fopen': This function or variable may be unsafe. Consider using fopen_s instead. To disable deprecation, use _CRT_SECURE_NO_WARNINGS. See online help for details.
  c:\program files (x86)\windows kits\10\include\10.0.10240.0\ucrt\stdio.h(205): note: see declaration of 'fopen'
c:\users\antonio.garcia\workspace_pahomqtt\pahoc\src\log.c(479): error C4996: 'fopen': This function or variable may be unsafe. Consider using fopen_s instead. To disable deprecation, use _CRT_SECURE_NO_WARNINGS. See online help for details.
  c:\program files (x86)\windows kits\10\include\10.0.10240.0\ucrt\stdio.h(205): note: see declaration of 'fopen'
  LinkedList.c
  Heap.c
c:\users\antonio.garcia\workspace_pahomqtt\pahoc\src\heap.c(160): error C4996: 'strcpy': This function or variable may be unsafe. Consider using strcpy_s instead. To disable deprecation, use _CRT_SECURE_NO_WARNINGS. See online help for details.
  c:\program files (x86)\windows kits\10\include\10.0.10240.0\ucrt\string.h(119): note: see declaration of 'strcpy'
c:\users\antonio.garcia\workspace_pahomqtt\pahoc\src\heap.c(305): error C4996: 'strcpy': This function or variable may be unsafe. Consider using strcpy_s instead. To disable deprecation, use _CRT_SECURE_NO_WARNINGS. See online help for details.
  c:\program files (x86)\windows kits\10\include\10.0.10240.0\ucrt\string.h(119): note: see declaration of 'strcpy'
  Generating Code...
  Compiling...
  Clients.c
  Generating Code...
