  Building Custom Rule C:/Users/antonio.garcia/workspace_pahoMqtt/pahoC/src/CMakeLists.txt
  CMake does not need to re-run because C:\Users\antonio.garcia\workspace_pahoMqtt\pahoC\src\CMakeFiles\generate.stamp is up-to-date.
  MQTTProtocolClient.c
c:\users\antonio.garcia\workspace_pahomqtt\pahoc\src\Socket.h(28): warning C4005: 'EAGAIN': macro redefinition
  C:\Program Files (x86)\Windows Kits\10\Include\10.0.10240.0\ucrt\errno.h(44): note: see previous definition of 'EAGAIN'
c:\users\antonio.garcia\workspace_pahomqtt\pahoc\src\Socket.h(29): warning C4005: 'EINTR': macro redefinition
  C:\Program Files (x86)\Windows Kits\10\Include\10.0.10240.0\ucrt\errno.h(37): note: see previous definition of 'EINTR'
c:\users\antonio.garcia\workspace_pahomqtt\pahoc\src\Socket.h(30): warning C4005: 'EINPROGRESS': macro redefinition
  C:\Program Files (x86)\Windows Kits\10\Include\10.0.10240.0\ucrt\errno.h(96): note: see previous definition of 'EINPROGRESS'
c:\users\antonio.garcia\workspace_pahomqtt\pahoc\src\Socket.h(31): warning C4005: 'EWOULDBLOCK': macro redefinition
  C:\Program Files (x86)\Windows Kits\10\Include\10.0.10240.0\ucrt\errno.h(124): note: see previous definition of 'EWOULDBLOCK'
c:\users\antonio.garcia\workspace_pahomqtt\pahoc\src\Socket.h(32): warning C4005: 'ENOTCONN': macro redefinition
  C:\Program Files (x86)\Windows Kits\10\Include\10.0.10240.0\ucrt\errno.h(110): note: see previous definition of 'ENOTCONN'
c:\users\antonio.garcia\workspace_pahomqtt\pahoc\src\Socket.h(33): warning C4005: 'ECONNRESET': macro redefinition
  C:\Program Files (x86)\Windows Kits\10\Include\10.0.10240.0\ucrt\errno.h(92): note: see previous definition of 'ECONNRESET'
c:\users\antonio.garcia\workspace_pahomqtt\pahoc\src\Socket.h(34): warning C4005: 'ETIMEDOUT': macro redefinition
  C:\Program Files (x86)\Windows Kits\10\Include\10.0.10240.0\ucrt\errno.h(122): note: see previous definition of 'ETIMEDOUT'
C:\Users\antonio.garcia\workspace_pahoMqtt\pahoC\src\MQTTProtocolClient.c(219): warning C4996: 'strcpy': This function or variable may be unsafe. Consider using strcpy_s instead. To disable deprecation, use _CRT_SECURE_NO_WARNINGS. See online help for details.
  C:\Program Files (x86)\Windows Kits\10\Include\10.0.10240.0\ucrt\string.h(119): note: see declaration of 'strcpy'
  Clients.c
  utf-8.c
  StackTrace.c
C:\Users\antonio.garcia\workspace_pahoMqtt\pahoC\src\StackTrace.c(108): warning C4996: 'strncpy': This function or variable may be unsafe. Consider using strncpy_s instead. To disable deprecation, use _CRT_SECURE_NO_WARNINGS. See online help for details.
  C:\Program Files (x86)\Windows Kits\10\Include\10.0.10240.0\ucrt\string.h(346): note: see declaration of 'strncpy'
C:\Users\antonio.garcia\workspace_pahoMqtt\pahoC\src\StackTrace.c(190): warning C4996: '_snprintf': This function or variable may be unsafe. Consider using _snprintf_s instead. To disable deprecation, use _CRT_SECURE_NO_WARNINGS. See online help for details.
  C:\Program Files (x86)\Windows Kits\10\Include\10.0.10240.0\ucrt\stdio.h(1952): note: see declaration of '_snprintf'
C:\Users\antonio.garcia\workspace_pahoMqtt\pahoC\src\StackTrace.c(193): warning C4996: '_snprintf': This function or variable may be unsafe. Consider using _snprintf_s instead. To disable deprecation, use _CRT_SECURE_NO_WARNINGS. See online help for details.
  C:\Program Files (x86)\Windows Kits\10\Include\10.0.10240.0\ucrt\stdio.h(1952): note: see declaration of '_snprintf'
  MQTTPacket.c
c:\users\antonio.garcia\workspace_pahomqtt\pahoc\src\Socket.h(28): warning C4005: 'EAGAIN': macro redefinition
  C:\Program Files (x86)\Windows Kits\10\Include\10.0.10240.0\ucrt\errno.h(44): note: see previous definition of 'EAGAIN'
c:\users\antonio.garcia\workspace_pahomqtt\pahoc\src\Socket.h(29): warning C4005: 'EINTR': macro redefinition
  C:\Program Files (x86)\Windows Kits\10\Include\10.0.10240.0\ucrt\errno.h(37): note: see previous definition of 'EINTR'
c:\users\antonio.garcia\workspace_pahomqtt\pahoc\src\Socket.h(30): warning C4005: 'EINPROGRESS': macro redefinition
  C:\Program Files (x86)\Windows Kits\10\Include\10.0.10240.0\ucrt\errno.h(96): note: see previous definition of 'EINPROGRESS'
c:\users\antonio.garcia\workspace_pahomqtt\pahoc\src\Socket.h(31): warning C4005: 'EWOULDBLOCK': macro redefinition
  C:\Program Files (x86)\Windows Kits\10\Include\10.0.10240.0\ucrt\errno.h(124): note: see previous definition of 'EWOULDBLOCK'
c:\users\antonio.garcia\workspace_pahomqtt\pahoc\src\Socket.h(32): warning C4005: 'ENOTCONN': macro redefinition
  C:\Program Files (x86)\Windows Kits\10\Include\10.0.10240.0\ucrt\errno.h(110): note: see previous definition of 'ENOTCONN'
c:\users\antonio.garcia\workspace_pahomqtt\pahoc\src\Socket.h(33): warning C4005: 'ECONNRESET': macro redefinition
  C:\Program Files (x86)\Windows Kits\10\Include\10.0.10240.0\ucrt\errno.h(92): note: see previous definition of 'ECONNRESET'
c:\users\antonio.garcia\workspace_pahomqtt\pahoc\src\Socket.h(34): warning C4005: 'ETIMEDOUT': macro redefinition
  C:\Program Files (x86)\Windows Kits\10\Include\10.0.10240.0\ucrt\errno.h(122): note: see previous definition of 'ETIMEDOUT'
  MQTTPacketOut.c
c:\users\antonio.garcia\workspace_pahomqtt\pahoc\src\Socket.h(28): warning C4005: 'EAGAIN': macro redefinition
  C:\Program Files (x86)\Windows Kits\10\Include\10.0.10240.0\ucrt\errno.h(44): note: see previous definition of 'EAGAIN'
c:\users\antonio.garcia\workspace_pahomqtt\pahoc\src\Socket.h(29): warning C4005: 'EINTR': macro redefinition
  C:\Program Files (x86)\Windows Kits\10\Include\10.0.10240.0\ucrt\errno.h(37): note: see previous definition of 'EINTR'
c:\users\antonio.garcia\workspace_pahomqtt\pahoc\src\Socket.h(30): warning C4005: 'EINPROGRESS': macro redefinition
  C:\Program Files (x86)\Windows Kits\10\Include\10.0.10240.0\ucrt\errno.h(96): note: see previous definition of 'EINPROGRESS'
c:\users\antonio.garcia\workspace_pahomqtt\pahoc\src\Socket.h(31): warning C4005: 'EWOULDBLOCK': macro redefinition
  C:\Program Files (x86)\Windows Kits\10\Include\10.0.10240.0\ucrt\errno.h(124): note: see previous definition of 'EWOULDBLOCK'
c:\users\antonio.garcia\workspace_pahomqtt\pahoc\src\Socket.h(32): warning C4005: 'ENOTCONN': macro redefinition
  C:\Program Files (x86)\Windows Kits\10\Include\10.0.10240.0\ucrt\errno.h(110): note: see previous definition of 'ENOTCONN'
c:\users\antonio.garcia\workspace_pahomqtt\pahoc\src\Socket.h(33): warning C4005: 'ECONNRESET': macro redefinition
  C:\Program Files (x86)\Windows Kits\10\Include\10.0.10240.0\ucrt\errno.h(92): note: see previous definition of 'ECONNRESET'
c:\users\antonio.garcia\workspace_pahomqtt\pahoc\src\Socket.h(34): warning C4005: 'ETIMEDOUT': macro redefinition
  C:\Program Files (x86)\Windows Kits\10\Include\10.0.10240.0\ucrt\errno.h(122): note: see previous definition of 'ETIMEDOUT'
  Messages.c
  Tree.c
  Socket.c
c:\users\antonio.garcia\workspace_pahomqtt\pahoc\src\Socket.h(28): warning C4005: 'EAGAIN': macro redefinition
  C:\Program Files (x86)\Windows Kits\10\Include\10.0.10240.0\ucrt\errno.h(44): note: see previous definition of 'EAGAIN'
c:\users\antonio.garcia\workspace_pahomqtt\pahoc\src\Socket.h(29): warning C4005: 'EINTR': macro redefinition
  C:\Program Files (x86)\Windows Kits\10\Include\10.0.10240.0\ucrt\errno.h(37): note: see previous definition of 'EINTR'
c:\users\antonio.garcia\workspace_pahomqtt\pahoc\src\Socket.h(30): warning C4005: 'EINPROGRESS': macro redefinition
  C:\Program Files (x86)\Windows Kits\10\Include\10.0.10240.0\ucrt\errno.h(96): note: see previous definition of 'EINPROGRESS'
c:\users\antonio.garcia\workspace_pahomqtt\pahoc\src\Socket.h(31): warning C4005: 'EWOULDBLOCK': macro redefinition
  C:\Program Files (x86)\Windows Kits\10\Include\10.0.10240.0\ucrt\errno.h(124): note: see previous definition of 'EWOULDBLOCK'
c:\users\antonio.garcia\workspace_pahomqtt\pahoc\src\Socket.h(32): warning C4005: 'ENOTCONN': macro redefinition
  C:\Program Files (x86)\Windows Kits\10\Include\10.0.10240.0\ucrt\errno.h(110): note: see previous definition of 'ENOTCONN'
c:\users\antonio.garcia\workspace_pahomqtt\pahoc\src\Socket.h(33): warning C4005: 'ECONNRESET': macro redefinition
  C:\Program Files (x86)\Windows Kits\10\Include\10.0.10240.0\ucrt\errno.h(92): note: see previous definition of 'ECONNRESET'
c:\users\antonio.garcia\workspace_pahomqtt\pahoc\src\Socket.h(34): warning C4005: 'ETIMEDOUT': macro redefinition
  C:\Program Files (x86)\Windows Kits\10\Include\10.0.10240.0\ucrt\errno.h(122): note: see previous definition of 'ETIMEDOUT'
C:\Users\antonio.garcia\workspace_pahoMqtt\pahoC\src\Socket.c(101): warning C4996: 'strerror': This function or variable may be unsafe. Consider using strerror_s instead. To disable deprecation, use _CRT_SECURE_NO_WARNINGS. See online help for details.
  C:\Program Files (x86)\Windows Kits\10\Include\10.0.10240.0\ucrt\string.h(178): note: see declaration of 'strerror'
C:\Users\antonio.garcia\workspace_pahoMqtt\pahoC\src\Socket.c(825): warning C4133: 'function': incompatible types - from 'wchar_t [67]' to 'LPSTR'
C:\Users\antonio.garcia\workspace_pahoMqtt\pahoC\src\Socket.c(825): warning C4996: 'WSAAddressToStringA': Use WSAAddressToStringW() instead or define _WINSOCK_DEPRECATED_NO_WARNINGS to disable deprecated API warnings
  C:\Program Files (x86)\Windows Kits\8.1\Include\um\winsock2.h(3556): note: see declaration of 'WSAAddressToStringA'
C:\Users\antonio.garcia\workspace_pahoMqtt\pahoC\src\Socket.c(828): warning C4996: 'wcstombs': This function or variable may be unsafe. Consider using wcstombs_s instead. To disable deprecation, use _CRT_SECURE_NO_WARNINGS. See online help for details.
  C:\Program Files (x86)\Windows Kits\10\Include\10.0.10240.0\ucrt\stdlib.h(1008): note: see declaration of 'wcstombs'
  Log.c
c:\users\antonio.garcia\workspace_pahomqtt\pahoc\src\Socket.h(28): warning C4005: 'EAGAIN': macro redefinition
  C:\Program Files (x86)\Windows Kits\10\Include\10.0.10240.0\ucrt\errno.h(44): note: see previous definition of 'EAGAIN'
c:\users\antonio.garcia\workspace_pahomqtt\pahoc\src\Socket.h(29): warning C4005: 'EINTR': macro redefinition
  C:\Program Files (x86)\Windows Kits\10\Include\10.0.10240.0\ucrt\errno.h(37): note: see previous definition of 'EINTR'
c:\users\antonio.garcia\workspace_pahomqtt\pahoc\src\Socket.h(30): warning C4005: 'EINPROGRESS': macro redefinition
  C:\Program Files (x86)\Windows Kits\10\Include\10.0.10240.0\ucrt\errno.h(96): note: see previous definition of 'EINPROGRESS'
c:\users\antonio.garcia\workspace_pahomqtt\pahoc\src\Socket.h(31): warning C4005: 'EWOULDBLOCK': macro redefinition
  C:\Program Files (x86)\Windows Kits\10\Include\10.0.10240.0\ucrt\errno.h(124): note: see previous definition of 'EWOULDBLOCK'
c:\users\antonio.garcia\workspace_pahomqtt\pahoc\src\Socket.h(32): warning C4005: 'ENOTCONN': macro redefinition
  C:\Program Files (x86)\Windows Kits\10\Include\10.0.10240.0\ucrt\errno.h(110): note: see previous definition of 'ENOTCONN'
c:\users\antonio.garcia\workspace_pahomqtt\pahoc\src\Socket.h(33): warning C4005: 'ECONNRESET': macro redefinition
  C:\Program Files (x86)\Windows Kits\10\Include\10.0.10240.0\ucrt\errno.h(92): note: see previous definition of 'ECONNRESET'
c:\users\antonio.garcia\workspace_pahomqtt\pahoc\src\Socket.h(34): warning C4005: 'ETIMEDOUT': macro redefinition
  C:\Program Files (x86)\Windows Kits\10\Include\10.0.10240.0\ucrt\errno.h(122): note: see previous definition of 'ETIMEDOUT'
C:\Users\antonio.garcia\workspace_pahoMqtt\pahoC\src\Log.c(133): warning C4996: 'getenv': This function or variable may be unsafe. Consider using _dupenv_s instead. To disable deprecation, use _CRT_SECURE_NO_WARNINGS. See online help for details.
  C:\Program Files (x86)\Windows Kits\10\Include\10.0.10240.0\ucrt\stdlib.h(1183): note: see declaration of 'getenv'
C:\Users\antonio.garcia\workspace_pahoMqtt\pahoC\src\Log.c(135): warning C4996: 'fopen': This function or variable may be unsafe. Consider using fopen_s instead. To disable deprecation, use _CRT_SECURE_NO_WARNINGS. See online help for details.
  C:\Program Files (x86)\Windows Kits\10\Include\10.0.10240.0\ucrt\stdio.h(205): note: see declaration of 'fopen'
C:\Users\antonio.garcia\workspace_pahoMqtt\pahoC\src\Log.c(140): warning C4996: 'strcpy': This function or variable may be unsafe. Consider using strcpy_s instead. To disable deprecation, use _CRT_SECURE_NO_WARNINGS. See online help for details.
  C:\Program Files (x86)\Windows Kits\10\Include\10.0.10240.0\ucrt\string.h(119): note: see declaration of 'strcpy'
C:\Users\antonio.garcia\workspace_pahoMqtt\pahoC\src\Log.c(142): warning C4996: 'sprintf': This function or variable may be unsafe. Consider using sprintf_s instead. To disable deprecation, use _CRT_SECURE_NO_WARNINGS. See online help for details.
  C:\Program Files (x86)\Windows Kits\10\Include\10.0.10240.0\ucrt\stdio.h(1769): note: see declaration of 'sprintf'
C:\Users\antonio.garcia\workspace_pahoMqtt\pahoC\src\Log.c(145): warning C4996: 'getenv': This function or variable may be unsafe. Consider using _dupenv_s instead. To disable deprecation, use _CRT_SECURE_NO_WARNINGS. See online help for details.
  C:\Program Files (x86)\Windows Kits\10\Include\10.0.10240.0\ucrt\stdlib.h(1183): note: see declaration of 'getenv'
C:\Users\antonio.garcia\workspace_pahoMqtt\pahoC\src\Log.c(151): warning C4996: 'getenv': This function or variable may be unsafe. Consider using _dupenv_s instead. To disable deprecation, use _CRT_SECURE_NO_WARNINGS. See online help for details.
  C:\Program Files (x86)\Windows Kits\10\Include\10.0.10240.0\ucrt\stdlib.h(1183): note: see declaration of 'getenv'
C:\Users\antonio.garcia\workspace_pahoMqtt\pahoC\src\Log.c(170): warning C4996: '_snprintf': This function or variable may be unsafe. Consider using _snprintf_s instead. To disable deprecation, use _CRT_SECURE_NO_WARNINGS. See online help for details.
  C:\Program Files (x86)\Windows Kits\10\Include\10.0.10240.0\ucrt\stdio.h(1952): note: see declaration of '_snprintf'
C:\Users\antonio.garcia\workspace_pahoMqtt\pahoC\src\Log.c(295): warning C4996: 'localtime': This function or variable may be unsafe. Consider using localtime_s instead. To disable deprecation, use _CRT_SECURE_NO_WARNINGS. See online help for details.
  C:\Program Files (x86)\Windows Kits\10\Include\10.0.10240.0\ucrt\time.h(505): note: see declaration of 'localtime'
C:\Users\antonio.garcia\workspace_pahoMqtt\pahoC\src\Log.c(301): warning C4996: 'sprintf': This function or variable may be unsafe. Consider using sprintf_s instead. To disable deprecation, use _CRT_SECURE_NO_WARNINGS. See online help for details.
  C:\Program Files (x86)\Windows Kits\10\Include\10.0.10240.0\ucrt\stdio.h(1769): note: see declaration of 'sprintf'
C:\Users\antonio.garcia\workspace_pahoMqtt\pahoC\src\Log.c(305): warning C4996: 'sprintf': This function or variable may be unsafe. Consider using sprintf_s instead. To disable deprecation, use _CRT_SECURE_NO_WARNINGS. See online help for details.
  C:\Program Files (x86)\Windows Kits\10\Include\10.0.10240.0\ucrt\stdio.h(1769): note: see declaration of 'sprintf'
C:\Users\antonio.garcia\workspace_pahoMqtt\pahoC\src\Log.c(309): warning C4996: 'strncpy': This function or variable may be unsafe. Consider using strncpy_s instead. To disable deprecation, use _CRT_SECURE_NO_WARNINGS. See online help for details.
  C:\Program Files (x86)\Windows Kits\10\Include\10.0.10240.0\ucrt\string.h(346): note: see declaration of 'strncpy'
C:\Users\antonio.garcia\workspace_pahoMqtt\pahoC\src\Log.c(314): warning C4996: '_snprintf': This function or variable may be unsafe. Consider using _snprintf_s instead. To disable deprecation, use _CRT_SECURE_NO_WARNINGS. See online help for details.
  C:\Program Files (x86)\Windows Kits\10\Include\10.0.10240.0\ucrt\stdio.h(1952): note: see declaration of '_snprintf'
C:\Users\antonio.garcia\workspace_pahoMqtt\pahoC\src\Log.c(317): warning C4996: '_snprintf': This function or variable may be unsafe. Consider using _snprintf_s instead. To disable deprecation, use _CRT_SECURE_NO_WARNINGS. See online help for details.
  C:\Program Files (x86)\Windows Kits\10\Include\10.0.10240.0\ucrt\stdio.h(1952): note: see declaration of '_snprintf'
C:\Users\antonio.garcia\workspace_pahoMqtt\pahoC\src\Log.c(336): warning C4996: 'fopen': This function or variable may be unsafe. Consider using fopen_s instead. To disable deprecation, use _CRT_SECURE_NO_WARNINGS. See online help for details.
  C:\Program Files (x86)\Windows Kits\10\Include\10.0.10240.0\ucrt\stdio.h(205): note: see declaration of 'fopen'
C:\Users\antonio.garcia\workspace_pahoMqtt\pahoC\src\Log.c(377): warning C4996: 'strncpy': This function or variable may be unsafe. Consider using strncpy_s instead. To disable deprecation, use _CRT_SECURE_NO_WARNINGS. See online help for details.
  C:\Program Files (x86)\Windows Kits\10\Include\10.0.10240.0\ucrt\string.h(346): note: see declaration of 'strncpy'
C:\Users\antonio.garcia\workspace_pahoMqtt\pahoC\src\Log.c(450): warning C4996: 'strcpy': This function or variable may be unsafe. Consider using strcpy_s instead. To disable deprecation, use _CRT_SECURE_NO_WARNINGS. See online help for details.
  C:\Program Files (x86)\Windows Kits\10\Include\10.0.10240.0\ucrt\string.h(119): note: see declaration of 'strcpy'
C:\Users\antonio.garcia\workspace_pahoMqtt\pahoC\src\Log.c(477): warning C4996: 'fopen': This function or variable may be unsafe. Consider using fopen_s instead. To disable deprecation, use _CRT_SECURE_NO_WARNINGS. See online help for details.
  C:\Program Files (x86)\Windows Kits\10\Include\10.0.10240.0\ucrt\stdio.h(205): note: see declaration of 'fopen'
C:\Users\antonio.garcia\workspace_pahoMqtt\pahoC\src\Log.c(479): warning C4996: 'fopen': This function or variable may be unsafe. Consider using fopen_s instead. To disable deprecation, use _CRT_SECURE_NO_WARNINGS. See online help for details.
  C:\Program Files (x86)\Windows Kits\10\Include\10.0.10240.0\ucrt\stdio.h(205): note: see declaration of 'fopen'
  MQTTPersistence.c
c:\users\antonio.garcia\workspace_pahomqtt\pahoc\src\Socket.h(28): warning C4005: 'EAGAIN': macro redefinition
  C:\Program Files (x86)\Windows Kits\10\Include\10.0.10240.0\ucrt\errno.h(44): note: see previous definition of 'EAGAIN'
c:\users\antonio.garcia\workspace_pahomqtt\pahoc\src\Socket.h(29): warning C4005: 'EINTR': macro redefinition
  C:\Program Files (x86)\Windows Kits\10\Include\10.0.10240.0\ucrt\errno.h(37): note: see previous definition of 'EINTR'
c:\users\antonio.garcia\workspace_pahomqtt\pahoc\src\Socket.h(30): warning C4005: 'EINPROGRESS': macro redefinition
  C:\Program Files (x86)\Windows Kits\10\Include\10.0.10240.0\ucrt\errno.h(96): note: see previous definition of 'EINPROGRESS'
c:\users\antonio.garcia\workspace_pahomqtt\pahoc\src\Socket.h(31): warning C4005: 'EWOULDBLOCK': macro redefinition
  C:\Program Files (x86)\Windows Kits\10\Include\10.0.10240.0\ucrt\errno.h(124): note: see previous definition of 'EWOULDBLOCK'
c:\users\antonio.garcia\workspace_pahomqtt\pahoc\src\Socket.h(32): warning C4005: 'ENOTCONN': macro redefinition
  C:\Program Files (x86)\Windows Kits\10\Include\10.0.10240.0\ucrt\errno.h(110): note: see previous definition of 'ENOTCONN'
c:\users\antonio.garcia\workspace_pahomqtt\pahoc\src\Socket.h(33): warning C4005: 'ECONNRESET': macro redefinition
  C:\Program Files (x86)\Windows Kits\10\Include\10.0.10240.0\ucrt\errno.h(92): note: see previous definition of 'ECONNRESET'
c:\users\antonio.garcia\workspace_pahomqtt\pahoc\src\Socket.h(34): warning C4005: 'ETIMEDOUT': macro redefinition
  C:\Program Files (x86)\Windows Kits\10\Include\10.0.10240.0\ucrt\errno.h(122): note: see previous definition of 'ETIMEDOUT'
C:\Users\antonio.garcia\workspace_pahoMqtt\pahoC\src\MQTTPersistence.c(62): warning C4996: 'strcpy': This function or variable may be unsafe. Consider using strcpy_s instead. To disable deprecation, use _CRT_SECURE_NO_WARNINGS. See online help for details.
  C:\Program Files (x86)\Windows Kits\10\Include\10.0.10240.0\ucrt\string.h(119): note: see declaration of 'strcpy'
C:\Users\antonio.garcia\workspace_pahoMqtt\pahoC\src\MQTTPersistence.c(212): warning C4996: 'sprintf': This function or variable may be unsafe. Consider using sprintf_s instead. To disable deprecation, use _CRT_SECURE_NO_WARNINGS. See online help for details.
  C:\Program Files (x86)\Windows Kits\10\Include\10.0.10240.0\ucrt\stdio.h(1769): note: see declaration of 'sprintf'
C:\Users\antonio.garcia\workspace_pahoMqtt\pahoC\src\MQTTPersistence.c(231): warning C4996: 'sprintf': This function or variable may be unsafe. Consider using sprintf_s instead. To disable deprecation, use _CRT_SECURE_NO_WARNINGS. See online help for details.
  C:\Program Files (x86)\Windows Kits\10\Include\10.0.10240.0\ucrt\stdio.h(1769): note: see declaration of 'sprintf'
C:\Users\antonio.garcia\workspace_pahoMqtt\pahoC\src\MQTTPersistence.c(367): warning C4996: 'sprintf': This function or variable may be unsafe. Consider using sprintf_s instead. To disable deprecation, use _CRT_SECURE_NO_WARNINGS. See online help for details.
  C:\Program Files (x86)\Windows Kits\10\Include\10.0.10240.0\ucrt\stdio.h(1769): note: see declaration of 'sprintf'
C:\Users\antonio.garcia\workspace_pahoMqtt\pahoC\src\MQTTPersistence.c(369): warning C4996: 'sprintf': This function or variable may be unsafe. Consider using sprintf_s instead. To disable deprecation, use _CRT_SECURE_NO_WARNINGS. See online help for details.
  C:\Program Files (x86)\Windows Kits\10\Include\10.0.10240.0\ucrt\stdio.h(1769): note: see declaration of 'sprintf'
C:\Users\antonio.garcia\workspace_pahoMqtt\pahoC\src\MQTTPersistence.c(372): warning C4996: 'sprintf': This function or variable may be unsafe. Consider using sprintf_s instead. To disable deprecation, use _CRT_SECURE_NO_WARNINGS. See online help for details.
  C:\Program Files (x86)\Windows Kits\10\Include\10.0.10240.0\ucrt\stdio.h(1769): note: see declaration of 'sprintf'
C:\Users\antonio.garcia\workspace_pahoMqtt\pahoC\src\MQTTPersistence.c(405): warning C4996: 'sprintf': This function or variable may be unsafe. Consider using sprintf_s instead. To disable deprecation, use _CRT_SECURE_NO_WARNINGS. See online help for details.
  C:\Program Files (x86)\Windows Kits\10\Include\10.0.10240.0\ucrt\stdio.h(1769): note: see declaration of 'sprintf'
C:\Users\antonio.garcia\workspace_pahoMqtt\pahoC\src\MQTTPersistence.c(407): warning C4996: 'sprintf': This function or variable may be unsafe. Consider using sprintf_s instead. To disable deprecation, use _CRT_SECURE_NO_WARNINGS. See online help for details.
  C:\Program Files (x86)\Windows Kits\10\Include\10.0.10240.0\ucrt\stdio.h(1769): note: see declaration of 'sprintf'
C:\Users\antonio.garcia\workspace_pahoMqtt\pahoC\src\MQTTPersistence.c(412): warning C4996: 'sprintf': This function or variable may be unsafe. Consider using sprintf_s instead. To disable deprecation, use _CRT_SECURE_NO_WARNINGS. See online help for details.
  C:\Program Files (x86)\Windows Kits\10\Include\10.0.10240.0\ucrt\stdio.h(1769): note: see declaration of 'sprintf'
C:\Users\antonio.garcia\workspace_pahoMqtt\pahoC\src\MQTTPersistence.c(475): warning C4996: 'sprintf': This function or variable may be unsafe. Consider using sprintf_s instead. To disable deprecation, use _CRT_SECURE_NO_WARNINGS. See online help for details.
  C:\Program Files (x86)\Windows Kits\10\Include\10.0.10240.0\ucrt\stdio.h(1769): note: see declaration of 'sprintf'
C:\Users\antonio.garcia\workspace_pahoMqtt\pahoC\src\MQTTPersistence.c(520): warning C4996: 'sprintf': This function or variable may be unsafe. Consider using sprintf_s instead. To disable deprecation, use _CRT_SECURE_NO_WARNINGS. See online help for details.
  C:\Program Files (x86)\Windows Kits\10\Include\10.0.10240.0\ucrt\stdio.h(1769): note: see declaration of 'sprintf'
C:\Users\antonio.garcia\workspace_pahoMqtt\pahoC\src\MQTTPersistence.c(569): warning C4996: 'strcpy': This function or variable may be unsafe. Consider using strcpy_s instead. To disable deprecation, use _CRT_SECURE_NO_WARNINGS. See online help for details.
  C:\Program Files (x86)\Windows Kits\10\Include\10.0.10240.0\ucrt\string.h(119): note: see declaration of 'strcpy'
  Thread.c
  MQTTProtocolOut.c
c:\users\antonio.garcia\workspace_pahomqtt\pahoc\src\Socket.h(28): warning C4005: 'EAGAIN': macro redefinition
  C:\Program Files (x86)\Windows Kits\10\Include\10.0.10240.0\ucrt\errno.h(44): note: see previous definition of 'EAGAIN'
c:\users\antonio.garcia\workspace_pahomqtt\pahoc\src\Socket.h(29): warning C4005: 'EINTR': macro redefinition
  C:\Program Files (x86)\Windows Kits\10\Include\10.0.10240.0\ucrt\errno.h(37): note: see previous definition of 'EINTR'
c:\users\antonio.garcia\workspace_pahomqtt\pahoc\src\Socket.h(30): warning C4005: 'EINPROGRESS': macro redefinition
  C:\Program Files (x86)\Windows Kits\10\Include\10.0.10240.0\ucrt\errno.h(96): note: see previous definition of 'EINPROGRESS'
c:\users\antonio.garcia\workspace_pahomqtt\pahoc\src\Socket.h(31): warning C4005: 'EWOULDBLOCK': macro redefinition
  C:\Program Files (x86)\Windows Kits\10\Include\10.0.10240.0\ucrt\errno.h(124): note: see previous definition of 'EWOULDBLOCK'
c:\users\antonio.garcia\workspace_pahomqtt\pahoc\src\Socket.h(32): warning C4005: 'ENOTCONN': macro redefinition
  C:\Program Files (x86)\Windows Kits\10\Include\10.0.10240.0\ucrt\errno.h(110): note: see previous definition of 'ENOTCONN'
c:\users\antonio.garcia\workspace_pahomqtt\pahoc\src\Socket.h(33): warning C4005: 'ECONNRESET': macro redefinition
  C:\Program Files (x86)\Windows Kits\10\Include\10.0.10240.0\ucrt\errno.h(92): note: see previous definition of 'ECONNRESET'
c:\users\antonio.garcia\workspace_pahomqtt\pahoc\src\Socket.h(34): warning C4005: 'ETIMEDOUT': macro redefinition
  C:\Program Files (x86)\Windows Kits\10\Include\10.0.10240.0\ucrt\errno.h(122): note: see previous definition of 'ETIMEDOUT'
  MQTTPersistenceDefault.c
C:\Users\antonio.garcia\workspace_pahoMqtt\pahoC\src\MQTTPersistenceDefault.c(75): warning C4996: 'strcpy': This function or variable may be unsafe. Consider using strcpy_s instead. To disable deprecation, use _CRT_SECURE_NO_WARNINGS. See online help for details.
  C:\Program Files (x86)\Windows Kits\10\Include\10.0.10240.0\ucrt\string.h(119): note: see declaration of 'strcpy'
C:\Users\antonio.garcia\workspace_pahoMqtt\pahoC\src\MQTTPersistenceDefault.c(81): warning C4996: 'sprintf': This function or variable may be unsafe. Consider using sprintf_s instead. To disable deprecation, use _CRT_SECURE_NO_WARNINGS. See online help for details.
  C:\Program Files (x86)\Windows Kits\10\Include\10.0.10240.0\ucrt\stdio.h(1769): note: see declaration of 'sprintf'
C:\Users\antonio.garcia\workspace_pahoMqtt\pahoC\src\MQTTPersistenceDefault.c(91): warning C4996: 'strcpy': This function or variable may be unsafe. Consider using strcpy_s instead. To disable deprecation, use _CRT_SECURE_NO_WARNINGS. See online help for details.
  C:\Program Files (x86)\Windows Kits\10\Include\10.0.10240.0\ucrt\string.h(119): note: see declaration of 'strcpy'
C:\Users\antonio.garcia\workspace_pahoMqtt\pahoC\src\MQTTPersistenceDefault.c(93): warning C4996: 'strtok': This function or variable may be unsafe. Consider using strtok_s instead. To disable deprecation, use _CRT_SECURE_NO_WARNINGS. See online help for details.
  C:\Program Files (x86)\Windows Kits\10\Include\10.0.10240.0\ucrt\string.h(453): note: see declaration of 'strtok'
C:\Users\antonio.garcia\workspace_pahoMqtt\pahoC\src\MQTTPersistenceDefault.c(95): warning C4996: 'strcpy': This function or variable may be unsafe. Consider using strcpy_s instead. To disable deprecation, use _CRT_SECURE_NO_WARNINGS. See online help for details.
  C:\Program Files (x86)\Windows Kits\10\Include\10.0.10240.0\ucrt\string.h(119): note: see declaration of 'strcpy'
C:\Users\antonio.garcia\workspace_pahoMqtt\pahoC\src\MQTTPersistenceDefault.c(97): warning C4996: 'strtok': This function or variable may be unsafe. Consider using strtok_s instead. To disable deprecation, use _CRT_SECURE_NO_WARNINGS. See online help for details.
  C:\Program Files (x86)\Windows Kits\10\Include\10.0.10240.0\ucrt\string.h(453): note: see declaration of 'strtok'
C:\Users\antonio.garcia\workspace_pahoMqtt\pahoC\src\MQTTPersistenceDefault.c(101): warning C4996: 'sprintf': This function or variable may be unsafe. Consider using sprintf_s instead. To disable deprecation, use _CRT_SECURE_NO_WARNINGS. See online help for details.
  C:\Program Files (x86)\Windows Kits\10\Include\10.0.10240.0\ucrt\stdio.h(1769): note: see declaration of 'sprintf'
C:\Users\antonio.garcia\workspace_pahoMqtt\pahoC\src\MQTTPersistenceDefault.c(103): warning C4996: 'strtok': This function or variable may be unsafe. Consider using strtok_s instead. To disable deprecation, use _CRT_SECURE_NO_WARNINGS. See online help for details.
  C:\Program Files (x86)\Windows Kits\10\Include\10.0.10240.0\ucrt\string.h(453): note: see declaration of 'strtok'
C:\Users\antonio.garcia\workspace_pahoMqtt\pahoC\src\MQTTPersistenceDefault.c(164): warning C4996: 'sprintf': This function or variable may be unsafe. Consider using sprintf_s instead. To disable deprecation, use _CRT_SECURE_NO_WARNINGS. See online help for details.
  C:\Program Files (x86)\Windows Kits\10\Include\10.0.10240.0\ucrt\stdio.h(1769): note: see declaration of 'sprintf'
C:\Users\antonio.garcia\workspace_pahoMqtt\pahoC\src\MQTTPersistenceDefault.c(166): warning C4996: 'fopen': This function or variable may be unsafe. Consider using fopen_s instead. To disable deprecation, use _CRT_SECURE_NO_WARNINGS. See online help for details.
  C:\Program Files (x86)\Windows Kits\10\Include\10.0.10240.0\ucrt\stdio.h(205): note: see declaration of 'fopen'
C:\Users\antonio.garcia\workspace_pahoMqtt\pahoC\src\MQTTPersistenceDefault.c(215): warning C4996: 'sprintf': This function or variable may be unsafe. Consider using sprintf_s instead. To disable deprecation, use _CRT_SECURE_NO_WARNINGS. See online help for details.
  C:\Program Files (x86)\Windows Kits\10\Include\10.0.10240.0\ucrt\stdio.h(1769): note: see declaration of 'sprintf'
C:\Users\antonio.garcia\workspace_pahoMqtt\pahoC\src\MQTTPersistenceDefault.c(217): warning C4996: 'fopen': This function or variable may be unsafe. Consider using fopen_s instead. To disable deprecation, use _CRT_SECURE_NO_WARNINGS. See online help for details.
  C:\Program Files (x86)\Windows Kits\10\Include\10.0.10240.0\ucrt\stdio.h(205): note: see declaration of 'fopen'
C:\Users\antonio.garcia\workspace_pahoMqtt\pahoC\src\MQTTPersistenceDefault.c(262): warning C4996: 'sprintf': This function or variable may be unsafe. Consider using sprintf_s instead. To disable deprecation, use _CRT_SECURE_NO_WARNINGS. See online help for details.
  C:\Program Files (x86)\Windows Kits\10\Include\10.0.10240.0\ucrt\stdio.h(1769): note: see declaration of 'sprintf'
C:\Users\antonio.garcia\workspace_pahoMqtt\pahoC\src\MQTTPersistenceDefault.c(355): warning C4996: 'sprintf': This function or variable may be unsafe. Consider using sprintf_s instead. To disable deprecation, use _CRT_SECURE_NO_WARNINGS. See online help for details.
  C:\Program Files (x86)\Windows Kits\10\Include\10.0.10240.0\ucrt\stdio.h(1769): note: see declaration of 'sprintf'
C:\Users\antonio.garcia\workspace_pahoMqtt\pahoC\src\MQTTPersistenceDefault.c(365): warning C4996: 'strcpy': This function or variable may be unsafe. Consider using strcpy_s instead. To disable deprecation, use _CRT_SECURE_NO_WARNINGS. See online help for details.
  C:\Program Files (x86)\Windows Kits\10\Include\10.0.10240.0\ucrt\string.h(119): note: see declaration of 'strcpy'
C:\Users\antonio.garcia\workspace_pahoMqtt\pahoC\src\MQTTPersistenceDefault.c(465): warning C4996: 'sprintf': This function or variable may be unsafe. Consider using sprintf_s instead. To disable deprecation, use _CRT_SECURE_NO_WARNINGS. See online help for details.
  C:\Program Files (x86)\Windows Kits\10\Include\10.0.10240.0\ucrt\stdio.h(1769): note: see declaration of 'sprintf'
C:\Users\antonio.garcia\workspace_pahoMqtt\pahoC\src\MQTTPersistenceDefault.c(475): warning C4996: 'sprintf': This function or variable may be unsafe. Consider using sprintf_s instead. To disable deprecation, use _CRT_SECURE_NO_WARNINGS. See online help for details.
  C:\Program Files (x86)\Windows Kits\10\Include\10.0.10240.0\ucrt\stdio.h(1769): note: see declaration of 'sprintf'
C:\Users\antonio.garcia\workspace_pahoMqtt\pahoC\src\MQTTPersistenceDefault.c(568): warning C4996: 'sprintf': This function or variable may be unsafe. Consider using sprintf_s instead. To disable deprecation, use _CRT_SECURE_NO_WARNINGS. See online help for details.
  C:\Program Files (x86)\Windows Kits\10\Include\10.0.10240.0\ucrt\stdio.h(1769): note: see declaration of 'sprintf'
C:\Users\antonio.garcia\workspace_pahoMqtt\pahoC\src\MQTTPersistenceDefault.c(605): warning C4996: 'strcpy': This function or variable may be unsafe. Consider using strcpy_s instead. To disable deprecation, use _CRT_SECURE_NO_WARNINGS. See online help for details.
  C:\Program Files (x86)\Windows Kits\10\Include\10.0.10240.0\ucrt\string.h(119): note: see declaration of 'strcpy'
  SocketBuffer.c
  Heap.c
C:\Users\antonio.garcia\workspace_pahoMqtt\pahoC\src\Heap.c(160): warning C4996: 'strcpy': This function or variable may be unsafe. Consider using strcpy_s instead. To disable deprecation, use _CRT_SECURE_NO_WARNINGS. See online help for details.
  C:\Program Files (x86)\Windows Kits\10\Include\10.0.10240.0\ucrt\string.h(119): note: see declaration of 'strcpy'
C:\Users\antonio.garcia\workspace_pahoMqtt\pahoC\src\Heap.c(305): warning C4996: 'strcpy': This function or variable may be unsafe. Consider using strcpy_s instead. To disable deprecation, use _CRT_SECURE_NO_WARNINGS. See online help for details.
  C:\Program Files (x86)\Windows Kits\10\Include\10.0.10240.0\ucrt\string.h(119): note: see declaration of 'strcpy'
  LinkedList.c
  Generating Code...
  common_obj.vcxproj -> C:\Users\antonio.garcia\workspace_pahoMqtt\pahoC\src\common_obj.dir\Debug\common_obj.lib
